;  LST file generated by mikroListExporter - v.2.0 
; Date/Time: 12.02.2026 15:00:47
;----------------------------------------------

;Address Opcode 	ASM
0x0000	0x0000000405A6  	GOTO	_main
0x0004	0x000000  	0
0x0006	0x000000  	0
0x0008	0x000000  	0
0x000A	0x000000  	0
0x000C	0x000000  	0
0x000E	0x000000  	0
0x0010	0x000000  	0
0x0012	0x000000  	0
0x0014	0x000000  	0
0x0016	0x000000  	0
0x0018	0x000000  	0
0x001A	0x000000  	0
0x001C	0x000000  	0
0x001E	0x000000  	0
0x0020	0x000000  	0
0x0022	0x000000  	0
0x0024	0x000000  	0
0x0026	0x000000  	0
0x0028	0x000000  	0
0x002A	0x000000  	0
0x002C	0x000000  	0
0x002E	0x000000  	0
0x0030	0x000000  	0
0x0032	0x000000  	0
0x0034	0x000000  	0
0x0036	0x000000  	0
0x0038	0x000000  	0
0x003A	0x000000  	0
0x003C	0x000000  	0
0x003E	0x000000  	0
0x0040	0x000000  	0
0x0042	0x000000  	0
0x0044	0x000000  	0
0x0046	0x000000  	0
0x0048	0x000000  	0
0x004A	0x000000  	0
0x004C	0x000000  	0
0x004E	0x000000  	0
0x0050	0x000000  	0
0x0052	0x000000  	0
0x0054	0x000000  	0
0x0056	0x000000  	0
0x0058	0x000000  	0
0x005A	0x000000  	0
0x005C	0x000000  	0
0x005E	0x000000  	0
0x0060	0x000000  	0
0x0062	0x000000  	0
0x0064	0x000000  	0
0x0066	0x000000  	0
0x0068	0x000000  	0
0x006A	0x000000  	0
0x006C	0x000000  	0
0x006E	0x000000  	0
0x0070	0x000000  	0
0x0072	0x000000  	0
0x0074	0x000000  	0
0x0076	0x000000  	0
0x0078	0x000000  	0
0x007A	0x000000  	0
0x007C	0x000000  	0
0x007E	0x000000  	0
0x0080	0x000000  	0
0x0082	0x000000  	0
0x0084	0x000000  	0
0x0086	0x000000  	0
0x0088	0x000000  	0
0x008A	0x000000  	0
0x008C	0x000000  	0
0x008E	0x000000  	0
0x0090	0x000000  	0
0x0092	0x000000  	0
0x0094	0x000000  	0
0x0096	0x000000  	0
0x0098	0x000000  	0
0x009A	0x000000  	0
0x009C	0x000000  	0
0x009E	0x000000  	0
0x00A0	0x000000  	0
0x00A2	0x000000  	0
0x00A4	0x000000  	0
0x00A6	0x000000  	0
0x00A8	0x000000  	0
0x00AA	0x000000  	0
0x00AC	0x000000  	0
0x00AE	0x000000  	0
0x00B0	0x000000  	0
0x00B2	0x000000  	0
0x00B4	0x000000  	0
0x00B6	0x000000  	0
0x00B8	0x000000  	0
0x00BA	0x000000  	0
0x00BC	0x000000  	0
0x00BE	0x000000  	0
0x00C0	0x000000  	0
0x00C2	0x000000  	0
0x00C4	0x000000  	0
0x00C6	0x000000  	0
0x00C8	0x000000  	0
0x00CA	0x000000  	0
0x00CC	0x000000  	0
0x00CE	0x000000  	0
0x00D0	0x000000  	0
0x00D2	0x000000  	0
0x00D4	0x000000  	0
0x00D6	0x000000  	0
0x00D8	0x000000  	0
0x00DA	0x000000  	0
0x00DC	0x000000  	0
0x00DE	0x000000  	0
0x00E0	0x000000  	0
0x00E2	0x000000  	0
0x00E4	0x000000  	0
0x00E6	0x000000  	0
0x00E8	0x000000  	0
0x00EA	0x000000  	0
0x00EC	0x000000  	0
0x00EE	0x000000  	0
0x00F0	0x000000  	0
0x00F2	0x000000  	0
0x00F4	0x000000  	0
0x00F6	0x000000  	0
0x00F8	0x000000  	0
0x00FA	0x000000  	0
0x00FC	0x000000  	0
0x00FE	0x000000  	0
_main:
0x05A6	0x2082AF  	MOV	#2090, W15
0x05A8	0x20FFF0  	MOV	#4095, W0
0x05AA	0xB7A020  	MOV	WREG, SPLIM
0x05AC	0x200000  	MOV	#0, W0
0x05AE	0xB7A034  	MOV	WREG, PSVPAG
0x05B0	0x200040  	MOV	#4, W0
0x05B2	0xB72044  	IOR	CORCON
0x05B4	0x000000020648  	CALL	1608
0x05B8	0x000000020652  	CALL	1618
;Vol_Ctrl_UART_dsPIC30F4013.c,40 :: 		void main(){
;Vol_Ctrl_UART_dsPIC30F4013.c,41 :: 		ADPCFG  = 0xFFFB;                                                          // 1111 1111 1111 1011 only AN2 (RB2) is analog
0x05BC	0x781F8A  	PUSH	W10
0x05BE	0x781F8B  	PUSH	W11
0x05C0	0x781F8C  	PUSH	W12
0x05C2	0x2FFFB0  	MOV	#65531, W0
0x05C4	0xB7A2A8  	MOV	WREG, ADPCFG
;Vol_Ctrl_UART_dsPIC30F4013.c,42 :: 		TRISB   = 0x000C;                                                          // 0000 1100 PORTB as output (RB3 & RB2 = input)
0x05C6	0x2000C0  	MOV	#12, W0
0x05C8	0xB7A2C6  	MOV	WREG, TRISB
;Vol_Ctrl_UART_dsPIC30F4013.c,43 :: 		LATB    = 0x0000;                                                          // init PORTB
0x05CA	0xEF22CA  	CLR	LATB
;Vol_Ctrl_UART_dsPIC30F4013.c,44 :: 		TRISF   = 0xFFF7;                                                          // 1111 1111 1111 0111 only U1TX (RF3, pin 25) is output
0x05CC	0x2FFF70  	MOV	#65527, W0
0x05CE	0xB7A2DE  	MOV	WREG, TRISF
;Vol_Ctrl_UART_dsPIC30F4013.c,45 :: 		LATF    = 0x0000;
0x05D0	0xEF22E2  	CLR	LATF
;Vol_Ctrl_UART_dsPIC30F4013.c,47 :: 		ADC1_Init();
0x05D2	0x07FEFD  	RCALL	_ADC1_Init
;Vol_Ctrl_UART_dsPIC30F4013.c,48 :: 		UART1_Init(9600);
0x05D4	0x22580A  	MOV	#9600, W10
0x05D6	0x20000B  	MOV	#0, W11
0x05D8	0x07FE8D  	RCALL	_UART1_Init
;Vol_Ctrl_UART_dsPIC30F4013.c,50 :: 		Lcd_Init();
0x05DA	0x07FF74  	RCALL	_Lcd_Init
;Vol_Ctrl_UART_dsPIC30F4013.c,51 :: 		Lcd_Cmd(_LCD_CLEAR);
0x05DC	0xB3C01A  	MOV.B	#1, W10
0x05DE	0x07FF3C  	RCALL	_Lcd_Cmd
;Vol_Ctrl_UART_dsPIC30F4013.c,52 :: 		Lcd_Cmd(_LCD_CURSOR_OFF);
0x05E0	0xB3C0CA  	MOV.B	#12, W10
0x05E2	0x07FF3A  	RCALL	_Lcd_Cmd
;Vol_Ctrl_UART_dsPIC30F4013.c,55 :: 		customChar();
0x05E4	0x07FF28  	RCALL	_customChar
;Vol_Ctrl_UART_dsPIC30F4013.c,56 :: 		Lcd_Out(1,4,"Level:");
0x05E6	0x20800C  	MOV	#lo_addr(?lstr1_Vol_Ctrl_UART_dsPIC30F4013), W12
0x05E8	0x20004B  	MOV	#4, W11
0x05EA	0x20001A  	MOV	#1, W10
0x05EC	0x07FFAF  	RCALL	_Lcd_Out
;Vol_Ctrl_UART_dsPIC30F4013.c,58 :: 		while(1){
L_main0:
;Vol_Ctrl_UART_dsPIC30F4013.c,59 :: 		adcRaw = ADC1_Get_Sample(2);
0x05EE	0x20002A  	MOV	#2, W10
0x05F0	0x07FF9E  	RCALL	_ADC1_Get_Sample
0x05F2	0x8840A0  	MOV	W0, _adcRaw
;Vol_Ctrl_UART_dsPIC30F4013.c,60 :: 		adcLevel = ((unsigned long)adcRaw*100)/4095;
0x05F4	0xEB0080  	CLR	W1
0x05F6	0x200642  	MOV	#100, W2
0x05F8	0x200003  	MOV	#0, W3
0x05FA	0x07FE05  	RCALL	__Multiply_32x32
0x05FC	0x20FFF2  	MOV	#4095, W2
0x05FE	0x200003  	MOV	#0, W3
0x0600	0xEB0200  	CLR	W4
0x0602	0x07FE0A  	RCALL	__Divide_32x32
0x0604	0x884100  	MOV	W0, _adcLevel
;Vol_Ctrl_UART_dsPIC30F4013.c,61 :: 		IntToStr(adcLevel, txtPrint);
0x0606	0x20818B  	MOV	#lo_addr(_txtPrint), W11
0x0608	0x780500  	MOV	W0, W10
0x060A	0x07FEED  	RCALL	_IntToStr
;Vol_Ctrl_UART_dsPIC30F4013.c,62 :: 		trimmed = Ltrim(txtPrint);                                            // Removes the leading spaces "  100" -> "100"
0x060C	0x20818A  	MOV	#lo_addr(_txtPrint), W10
0x060E	0x07FE59  	RCALL	_Ltrim
0x0610	0x8840B0  	MOV	W0, _trimmed
;Vol_Ctrl_UART_dsPIC30F4013.c,64 :: 		Lcd_Out(1,11, trimmed);
0x0612	0x780600  	MOV	W0, W12
0x0614	0x2000BB  	MOV	#11, W11
0x0616	0x20001A  	MOV	#1, W10
0x0618	0x07FF99  	RCALL	_Lcd_Out
;Vol_Ctrl_UART_dsPIC30F4013.c,65 :: 		Lcd_Chr_CP('%');
0x061A	0xB3C25A  	MOV.B	#37, W10
0x061C	0x07FDBB  	RCALL	_Lcd_Chr_CP
;Vol_Ctrl_UART_dsPIC30F4013.c,66 :: 		Lcd_Chr_CP(' ');                                                      // Extra space to erase the old char (eg. '%')
0x061E	0xB3C20A  	MOV.B	#32, W10
0x0620	0x07FDB9  	RCALL	_Lcd_Chr_CP
;Vol_Ctrl_UART_dsPIC30F4013.c,68 :: 		WordToStr(adcRaw, txt);
0x0622	0x20822B  	MOV	#lo_addr(_txt), W11
0x0624	0x8040AA  	MOV	_adcRaw, W10
0x0626	0x07FDBE  	RCALL	_WordToStr
;Vol_Ctrl_UART_dsPIC30F4013.c,69 :: 		UART1_Write_Text(txt);                                                // Send raw ADC data via UART1 (TX @ pin 25)
0x0628	0x20822A  	MOV	#lo_addr(_txt), W10
0x062A	0x07FEA5  	RCALL	_UART1_Write_Text
;Vol_Ctrl_UART_dsPIC30F4013.c,71 :: 		barGraph();
0x062C	0x07FEB5  	RCALL	_barGraph
;Vol_Ctrl_UART_dsPIC30F4013.c,72 :: 		}
0x062E	0x37FFDF  	BRA	L_main0
;Vol_Ctrl_UART_dsPIC30F4013.c,74 :: 		}
L_end_main:
0x0630	0x78064F  	POP	W12
0x0632	0x7805CF  	POP	W11
0x0634	0x78054F  	POP	W10
L__main_end_loop:
0x0636	0x37FFFF  	BRA	L__main_end_loop
; end of _main
_ADC1_Init:
0x03CE	0xFA0000  	LNK	#0
;__Lib_ADC_1_p24FJ_p30.c,46 :: 		
;__Lib_ADC_1_p24FJ_p30.c,47 :: 		
0x03D0	0x2052E0  	MOV	#lo_addr(_ADC1_Get_Sample), W0
0x03D2	0x884040  	MOV	W0, _ADC_Get_Sample_Ptr
;__Lib_ADC_1_p24FJ_p30.c,49 :: 		
0x03D4	0x200E00  	MOV	#224, W0
0x03D6	0xB7A2A0  	MOV	WREG, ADCON1
;__Lib_ADC_1_p24FJ_p30.c,50 :: 		
0x03D8	0xEF22A2  	CLR	ADCON2
;__Lib_ADC_1_p24FJ_p30.c,52 :: 		
0x03DA	0x21F3F0  	MOV	#7999, W0
0x03DC	0xB7A2A4  	MOV	WREG, ADCON3
;__Lib_ADC_1_p24FJ_p30.c,53 :: 		
0x03DE	0xEF22AA  	CLR	ADCSSL
;__Lib_ADC_1_p24FJ_p30.c,54 :: 		
0x03E0	0xA8E2A1  	BSET	ADCON1, #15
;__Lib_ADC_1_p24FJ_p30.c,55 :: 		
L_end_ADC1_Init:
0x03E2	0xFA8000  	ULNK
0x03E4	0x060000  	RETURN
; end of _ADC1_Init
_UART1_Init:
0x02F4	0xFA0008  	LNK	#8
;__Lib_UART_12_p30.c,121 :: 		
;__Lib_UART_12_p30.c,124 :: 		
0x02F6	0x2013A0  	MOV	#lo_addr(_UART1_Write), W0
0x02F8	0x884090  	MOV	W0, _UART_Wr_Ptr
;__Lib_UART_12_p30.c,125 :: 		
0x02FA	0x2FFFF0  	MOV	#lo_addr(_UART1_Read), W0
0x02FC	0x884080  	MOV	W0, _UART_Rd_Ptr
;__Lib_UART_12_p30.c,126 :: 		
0x02FE	0x2FFFF0  	MOV	#lo_addr(_UART1_Data_Ready), W0
0x0300	0x884070  	MOV	W0, _UART_Rdy_Ptr
;__Lib_UART_12_p30.c,127 :: 		
0x0302	0x2FFFF0  	MOV	#lo_addr(_UART1_Tx_Idle), W0
0x0304	0x884060  	MOV	W0, _UART_Tx_Idle_Ptr
;__Lib_UART_12_p30.c,132 :: 		
0x0306	0xEF220C  	CLR	U1MODE
;__Lib_UART_12_p30.c,133 :: 		
0x0308	0x280000  	MOV	#32768, W0
0x030A	0xB7A20E  	MOV	WREG, U1STA
;__Lib_UART_12_p30.c,134 :: 		
0x030C	0x07FF79  	RCALL	_Get_Fosc_kHz
;__Lib_UART_12_p30.c,137 :: 		
0x030E	0x203E82  	MOV	#1000, W2
0x0310	0x200003  	MOV	#0, W3
0x0312	0x07FF79  	RCALL	__Multiply_32x32
; tmp start address is: 8 (W4)
0x0314	0xBE0200  	MOV.D	W0, W4
;__Lib_UART_12_p30.c,140 :: 		
0x0316	0x07FF72  	RCALL	_Get_Fosc_Per_Cyc
0x0318	0xDE0041  	LSR	W0, #1, W0
0x031A	0x400064  	ADD	W0, #4, W0
0x031C	0xBE010A  	MOV.D	W10, W2
L__UART1_Init61:
0x031E	0xE90000  	DEC	W0, W0
0x0320	0x350003  	BRA LT	L__UART1_Init62
0x0322	0xD00102  	SL	W2, W2
0x0324	0xD28183  	RLC	W3, W3
0x0326	0x37FFFB  	BRA	L__UART1_Init61
L__UART1_Init62:
0x0328	0x980702  	MOV	W2, [W14+0]
0x032A	0x980713  	MOV	W3, [W14+2]
;__Lib_UART_12_p30.c,142 :: 		
0x032C	0xBE9F84  	PUSH.D	W4
0x032E	0xBE0004  	MOV.D	W4, W0
0x0330	0xEB0200  	CLR	W4
0x0332	0x07FF9B  	RCALL	__Modulus_32x32
0x0334	0xBE024F  	POP.D	W4
0x0336	0x980720  	MOV	W0, [W14+4]
0x0338	0x980731  	MOV	W1, [W14+6]
;__Lib_UART_12_p30.c,143 :: 		
0x033A	0xBE0004  	MOV.D	W4, W0
0x033C	0x90010E  	MOV	[W14+0], W2
0x033E	0x90019E  	MOV	[W14+2], W3
0x0340	0xEB0200  	CLR	W4
0x0342	0x07FF6A  	RCALL	__Divide_32x32
; tmp end address is: 8 (W4)
; tmp start address is: 6 (W3)
0x0344	0x780180  	MOV	W0, W3
0x0346	0x780201  	MOV	W1, W4
;__Lib_UART_12_p30.c,145 :: 		
0x0348	0x470060  	ADD	W14, #0, W0
0x034A	0xD10150  	LSR	[++W0], W2
0x034C	0xD380C0  	RRC	[--W0], W1
0x034E	0x470064  	ADD	W14, #4, W0
0x0350	0xE10830  	CP	W1, [W0++]
0x0352	0xE19020  	CPB	W2, [W0--]
0x0354	0x310004  	BRA GEU	L__UART1_Init42
L__UART1_Init63:
;__Lib_UART_12_p30.c,146 :: 		
; tmp start address is: 0 (W0)
0x0356	0x418061  	ADD	W3, #1, W0
0x0358	0x4A00E0  	ADDC	W4, #0, W1
; tmp end address is: 6 (W3)
0x035A	0xBE0100  	MOV.D	W0, W2
; tmp end address is: 0 (W0)
0x035C	0x370002  	BRA	L_UART1_Init13
L__UART1_Init42:
;__Lib_UART_12_p30.c,145 :: 		
0x035E	0x780103  	MOV	W3, W2
0x0360	0x780184  	MOV	W4, W3
;__Lib_UART_12_p30.c,146 :: 		
L_UART1_Init13:
;__Lib_UART_12_p30.c,150 :: 		
; tmp start address is: 4 (W2)
0x0362	0x510061  	SUB	W2, #1, W0
0x0364	0x5980E0  	SUBB	W3, #0, W1
; tmp end address is: 4 (W2)
0x0366	0x8810A0  	MOV	W0, U1BRG
;__Lib_UART_12_p30.c,151 :: 		
0x0368	0xA9220E  	BCLR.B	U1STA, #1
;__Lib_UART_12_p30.c,153 :: 		
0x036A	0xA8E20D  	BSET	U1MODE, #15
;__Lib_UART_12_p30.c,154 :: 		
0x036C	0xA8420F  	BSET	U1STA, #10
;__Lib_UART_12_p30.c,155 :: 		
0x036E	0x07FF3E  	RCALL	_Delay_100ms
0x0370	0x07FF3D  	RCALL	_Delay_100ms
;__Lib_UART_12_p30.c,157 :: 		
L_end_UART1_Init:
0x0372	0xFA8000  	ULNK
0x0374	0x060000  	RETURN
; end of _UART1_Init
_Get_Fosc_kHz:
;__Lib_Delays.c,38 :: 		unsigned long Get_Fosc_kHz() {
;__Lib_Delays.c,39 :: 		return Clock_kHz();
0x0200	0x24E200  	MOV	#20000, W0
0x0202	0x200001  	MOV	#0, W1
;__Lib_Delays.c,40 :: 		}
L_end_Get_Fosc_kHz:
0x0204	0x060000  	RETURN
; end of _Get_Fosc_kHz
_Get_Fosc_Per_Cyc:
;__Lib_Delays.c,63 :: 		unsigned int Get_Fosc_Per_Cyc() {
;__Lib_Delays.c,64 :: 		return __FOSC_PER_CYC;
0x01FC	0x200040  	MOV	#4, W0
;__Lib_Delays.c,65 :: 		}
L_end_Get_Fosc_Per_Cyc:
0x01FE	0x060000  	RETURN
; end of _Get_Fosc_Per_Cyc
_Delay_100ms:
;__Lib_Delays.c,666 :: 		void Delay_100ms()
;__Lib_Delays.c,668 :: 		Delay_ms(100);
0x01EC	0x200038  	MOV	#3, W8
0x01EE	0x28B0A7  	MOV	#35594, W7
L_Delay_100ms31:
0x01F0	0xED200E  	DEC	W7
0x01F2	0x3AFFFE  	BRA NZ	L_Delay_100ms31
0x01F4	0xED2010  	DEC	W8
0x01F6	0x3AFFFC  	BRA NZ	L_Delay_100ms31
0x01F8	0x000000  	NOP
;__Lib_Delays.c,669 :: 		}
L_end_Delay_100ms:
0x01FA	0x060000  	RETURN
; end of _Delay_100ms
__Multiply_32x32:
0x0206	0xFA0000  	LNK	#0
;__Lib_Math.c,43 :: 		
;__Lib_Math.c,46 :: 		
0x0208	0xB80A02  	MUL.UU	W1, W2, W4
;__Lib_Math.c,47 :: 		
0x020A	0x880050  	MOV	W0, W5
;__Lib_Math.c,48 :: 		
0x020C	0xB80002  	MUL.UU	W0, W2, W0
;__Lib_Math.c,49 :: 		
0x020E	0x420081  	ADD	W4, W1, W1
;__Lib_Math.c,50 :: 		
0x0210	0xB82A03  	MUL.UU	W5, W3, W4
;__Lib_Math.c,51 :: 		
0x0212	0x420081  	ADD	W4, W1, W1
;__Lib_Math.c,54 :: 		
L_end__Multiply_32x32:
0x0214	0xFA8000  	ULNK
0x0216	0x060000  	RETURN
; end of __Multiply_32x32
__Modulus_32x32:
0x026A	0xFA0000  	LNK	#0
;__Lib_Math.c,162 :: 		
;__Lib_Math.c,164 :: 		
0x026C	0x070002  	RCALL	Modulus_32x32___testsus
;__Lib_Math.c,166 :: 		
0x026E	0x0000000402BE  	GOTO	the_end_Modulus_32x32
;__Lib_Math.c,171 :: 		
Modulus_32x32___testsus:
;__Lib_Math.c,172 :: 		
0x0272	0xE20008  	CP0	W4
;__Lib_Math.c,173 :: 		
0x0274	0x3A0002  	BRA NZ	Modulus_32x32___modsi3
;__Lib_Math.c,175 :: 		
0x0276	0x070010  	RCALL	Modulus_32x32___umodsi3
;__Lib_Math.c,176 :: 		
0x0278	0x060000  	RETURN
;__Lib_Math.c,178 :: 		
Modulus_32x32___modsi3:
;__Lib_Math.c,179 :: 		
0x027A	0x781F81  	MOV	W1, [W15++]
;__Lib_Math.c,180 :: 		
0x027C	0xE20002  	CP0	W1
;__Lib_Math.c,181 :: 		
0x027E	0x3D0002  	BRA GE	Modulus_32x32_modtestb
;__Lib_Math.c,182 :: 		
0x0280	0x100060  	SUBR	W0, #0, W0
;__Lib_Math.c,183 :: 		
0x0282	0x1880E0  	SUBBR	W1, #0, W1
;__Lib_Math.c,184 :: 		
Modulus_32x32_modtestb:
;__Lib_Math.c,185 :: 		
0x0284	0xE20006  	CP0	W3
;__Lib_Math.c,186 :: 		
0x0286	0x3D0002  	BRA GE	Modulus_32x32_calcrem
;__Lib_Math.c,187 :: 		
0x0288	0x110160  	SUBR	W2, #0, W2
;__Lib_Math.c,188 :: 		
0x028A	0x1981E0  	SUBBR	W3, #0, W3
;__Lib_Math.c,189 :: 		
Modulus_32x32_calcrem:
;__Lib_Math.c,190 :: 		
0x028C	0x070005  	RCALL	Modulus_32x32___umodsi3
;__Lib_Math.c,191 :: 		
0x028E	0xE0004F  	CP0	[--W15]
;__Lib_Math.c,192 :: 		
0x0290	0x3B0002  	BRA NN	Modulus_32x32_exitr
;__Lib_Math.c,193 :: 		
0x0292	0x100060  	SUBR	W0, #0, W0
;__Lib_Math.c,194 :: 		
0x0294	0x1880E0  	SUBBR	W1, #0, W1
;__Lib_Math.c,195 :: 		
Modulus_32x32_exitr:
;__Lib_Math.c,196 :: 		
0x0296	0x060000  	RETURN
;__Lib_Math.c,197 :: 		
Modulus_32x32___umodsi3:
;__Lib_Math.c,198 :: 		
0x0298	0x070002  	RCALL	Modulus_32x32___udivsi3
;__Lib_Math.c,199 :: 		
0x029A	0xBE8004  	MOV.D	W4, W0
;__Lib_Math.c,200 :: 		
0x029C	0x060000  	RETURN
;__Lib_Math.c,201 :: 		
Modulus_32x32___udivsi3:
;__Lib_Math.c,202 :: 		
0x029E	0xB82260  	MUL.UU	W4, #0, W4
;__Lib_Math.c,203 :: 		
0x02A0	0x200206  	MOV	#32, W6
;__Lib_Math.c,204 :: 		
Modulus_32x32_nextbit:
;__Lib_Math.c,205 :: 		
0x02A2	0xD00000  	SL	W0, W0
;__Lib_Math.c,206 :: 		
0x02A4	0xD28081  	RLC	W1, W1
;__Lib_Math.c,207 :: 		
0x02A6	0xD28204  	RLC	W4, W4
;__Lib_Math.c,208 :: 		
0x02A8	0xD28285  	RLC	W5, W5
;__Lib_Math.c,209 :: 		
0x02AA	0xA80000  	BSET	W0, #0
;__Lib_Math.c,210 :: 		
0x02AC	0x520202  	SUB	W4, W2, W4
;__Lib_Math.c,211 :: 		
0x02AE	0x5A8283  	SUBB	W5, W3, W5
;__Lib_Math.c,212 :: 		
0x02B0	0x3B0003  	BRA NN	Modulus_32x32_iterate
;__Lib_Math.c,213 :: 		
0x02B2	0x420202  	ADD	W4, W2, W4
;__Lib_Math.c,214 :: 		
0x02B4	0x4A8283  	ADDC	W5, W3, W5
;__Lib_Math.c,215 :: 		
0x02B6	0xA10000  	BCLR	W0, #0
;__Lib_Math.c,216 :: 		
Modulus_32x32_iterate:
;__Lib_Math.c,217 :: 		
0x02B8	0xE90306  	DEC	W6, W6
;__Lib_Math.c,218 :: 		
0x02BA	0x3AFFF3  	BRA NZ	Modulus_32x32_nextbit
;__Lib_Math.c,219 :: 		
0x02BC	0x060000  	RETURN
;__Lib_Math.c,222 :: 		
the_end_Modulus_32x32:
;__Lib_Math.c,225 :: 		
L_end__Modulus_32x32:
0x02BE	0xFA8000  	ULNK
0x02C0	0x060000  	RETURN
; end of __Modulus_32x32
__Divide_32x32:
0x0218	0xFA0000  	LNK	#0
;__Lib_Math.c,78 :: 		
;__Lib_Math.c,81 :: 		
0x021A	0x070002  	RCALL	Divide_32x32___testsus
;__Lib_Math.c,83 :: 		
0x021C	0x000000040266  	GOTO	the_end_Divide_32x32
;__Lib_Math.c,88 :: 		
Divide_32x32___testsus:
;__Lib_Math.c,89 :: 		
0x0220	0xE20008  	CP0	W4
;__Lib_Math.c,90 :: 		
0x0222	0x3A0002  	BRA NZ	Divide_32x32___divsi3
;__Lib_Math.c,92 :: 		
0x0224	0x070010  	RCALL	Divide_32x32___udivsi3
;__Lib_Math.c,93 :: 		
0x0226	0x060000  	RETURN
;__Lib_Math.c,95 :: 		
Divide_32x32___divsi3:
;__Lib_Math.c,96 :: 		
0x0228	0x689F83  	XOR	W1, W3, [W15++]
;__Lib_Math.c,97 :: 		
0x022A	0xE20002  	CP0	W1
;__Lib_Math.c,98 :: 		
0x022C	0x3D0002  	BRA GE	Divide_32x32_divtestb
;__Lib_Math.c,99 :: 		
0x022E	0x100060  	SUBR	W0, #0, W0
;__Lib_Math.c,100 :: 		
0x0230	0x1880E0  	SUBBR	W1, #0, W1
;__Lib_Math.c,101 :: 		
Divide_32x32_divtestb:
;__Lib_Math.c,102 :: 		
0x0232	0xE20006  	CP0	W3
;__Lib_Math.c,103 :: 		
0x0234	0x3D0002  	BRA GE	Divide_32x32_calcquot
;__Lib_Math.c,104 :: 		
0x0236	0x110160  	SUBR	W2, #0, W2
;__Lib_Math.c,105 :: 		
0x0238	0x1981E0  	SUBBR	W3, #0, W3
;__Lib_Math.c,106 :: 		
Divide_32x32_calcquot:
;__Lib_Math.c,107 :: 		
0x023A	0x070005  	RCALL	Divide_32x32___udivsi3
;__Lib_Math.c,108 :: 		
0x023C	0xE0004F  	CP0	[--W15]
;__Lib_Math.c,109 :: 		
0x023E	0x3B0002  	BRA NN	Divide_32x32_returnq
;__Lib_Math.c,110 :: 		
0x0240	0x100060  	SUBR	W0, #0, W0
;__Lib_Math.c,111 :: 		
0x0242	0x1880E0  	SUBBR	W1, #0, W1
;__Lib_Math.c,112 :: 		
Divide_32x32_returnq:
;__Lib_Math.c,113 :: 		
0x0244	0x060000  	RETURN
;__Lib_Math.c,114 :: 		
Divide_32x32___udivsi3:
;__Lib_Math.c,115 :: 		
0x0246	0xB82260  	MUL.UU	W4, #0, W4
;__Lib_Math.c,116 :: 		
0x0248	0x200206  	MOV	#32, W6
;__Lib_Math.c,117 :: 		
Divide_32x32_nextbit:
;__Lib_Math.c,118 :: 		
0x024A	0xD00000  	SL	W0, W0
;__Lib_Math.c,119 :: 		
0x024C	0xD28081  	RLC	W1, W1
;__Lib_Math.c,120 :: 		
0x024E	0xD28204  	RLC	W4, W4
;__Lib_Math.c,121 :: 		
0x0250	0xD28285  	RLC	W5, W5
;__Lib_Math.c,122 :: 		
0x0252	0xA80000  	BSET	W0, #0
;__Lib_Math.c,123 :: 		
0x0254	0x520202  	SUB	W4, W2, W4
;__Lib_Math.c,124 :: 		
0x0256	0x5A8283  	SUBB	W5, W3, W5
;__Lib_Math.c,125 :: 		
0x0258	0x3B0003  	BRA NN	Divide_32x32_iterate
;__Lib_Math.c,126 :: 		
0x025A	0x420202  	ADD	W4, W2, W4
;__Lib_Math.c,127 :: 		
0x025C	0x4A8283  	ADDC	W5, W3, W5
;__Lib_Math.c,128 :: 		
0x025E	0xA10000  	BCLR	W0, #0
;__Lib_Math.c,129 :: 		
Divide_32x32_iterate:
;__Lib_Math.c,130 :: 		
0x0260	0xE90306  	DEC	W6, W6
;__Lib_Math.c,131 :: 		
0x0262	0x3AFFF3  	BRA NZ	Divide_32x32_nextbit
;__Lib_Math.c,132 :: 		
0x0264	0x060000  	RETURN
;__Lib_Math.c,135 :: 		
the_end_Divide_32x32:
;__Lib_Math.c,138 :: 		
L_end__Divide_32x32:
0x0266	0xFA8000  	ULNK
0x0268	0x060000  	RETURN
; end of __Divide_32x32
_Lcd_Init:
0x04C4	0xFA0000  	LNK	#0
;__Lib_Lcd.c,105 :: 		
;__Lib_Lcd.c,107 :: 		
0x04C6	0x07FE28  	RCALL	_Delay_8ms
0x04C8	0x07FE27  	RCALL	_Delay_8ms
;__Lib_Lcd.c,109 :: 		
0x04CA	0xA922C6  	BCLR	LCD_EN_Direction, BitPos(LCD_EN_Direction+0)
;__Lib_Lcd.c,110 :: 		
0x04CC	0xA902C6  	BCLR	LCD_RS_Direction, BitPos(LCD_RS_Direction+0)
;__Lib_Lcd.c,111 :: 		
0x04CE	0xA982C6  	BCLR	LCD_D4_Direction, BitPos(LCD_D4_Direction+0)
;__Lib_Lcd.c,112 :: 		
0x04D0	0xA9A2C6  	BCLR	LCD_D5_Direction, BitPos(LCD_D5_Direction+0)
;__Lib_Lcd.c,113 :: 		
0x04D2	0xA9C2C6  	BCLR	LCD_D6_Direction, BitPos(LCD_D6_Direction+0)
;__Lib_Lcd.c,114 :: 		
0x04D4	0xA9E2C6  	BCLR	LCD_D7_Direction, BitPos(LCD_D7_Direction+0)
;__Lib_Lcd.c,116 :: 		
0x04D6	0xA922CA  	BCLR	LCD_EN, BitPos(LCD_EN+0)
;__Lib_Lcd.c,117 :: 		
0x04D8	0xA902CA  	BCLR	LCD_RS, BitPos(LCD_RS+0)
;__Lib_Lcd.c,118 :: 		
0x04DA	0xA9E2CA  	BCLR	LCD_D7, BitPos(LCD_D7+0)
;__Lib_Lcd.c,119 :: 		
0x04DC	0xA9C2CA  	BCLR	LCD_D6, BitPos(LCD_D6+0)
;__Lib_Lcd.c,120 :: 		
0x04DE	0xA9A2CA  	BCLR	LCD_D5, BitPos(LCD_D5+0)
;__Lib_Lcd.c,121 :: 		
0x04E0	0xA982CA  	BCLR	LCD_D4, BitPos(LCD_D4+0)
;__Lib_Lcd.c,130 :: 		
0x04E2	0xA8A2CA  	BSET	LCD_D5, BitPos(LCD_D5+0)
;__Lib_Lcd.c,131 :: 		
0x04E4	0xA882CA  	BSET	LCD_D4, BitPos(LCD_D4+0)
;__Lib_Lcd.c,132 :: 		
0x04E6	0x07FE1D  	RCALL	__Lib_Lcd_Strobe
;__Lib_Lcd.c,133 :: 		
0x04E8	0x07FE11  	RCALL	_Delay_5500us
;__Lib_Lcd.c,136 :: 		
0x04EA	0x07FE1B  	RCALL	__Lib_Lcd_Strobe
;__Lib_Lcd.c,137 :: 		
0x04EC	0x07FE0F  	RCALL	_Delay_5500us
;__Lib_Lcd.c,140 :: 		
0x04EE	0x07FE19  	RCALL	__Lib_Lcd_Strobe
;__Lib_Lcd.c,141 :: 		
0x04F0	0x07FE0D  	RCALL	_Delay_5500us
;__Lib_Lcd.c,144 :: 		
0x04F2	0xA982CA  	BCLR	LCD_D4, BitPos(LCD_D4+0)
;__Lib_Lcd.c,145 :: 		
0x04F4	0x07FE16  	RCALL	__Lib_Lcd_Strobe
;__Lib_Lcd.c,146 :: 		
0x04F6	0x07FE0A  	RCALL	_Delay_5500us
;__Lib_Lcd.c,149 :: 		
0x04F8	0x07FE14  	RCALL	__Lib_Lcd_Strobe
;__Lib_Lcd.c,151 :: 		
0x04FA	0xA9A2CA  	BCLR	LCD_D5, BitPos(LCD_D5+0)
;__Lib_Lcd.c,152 :: 		
0x04FC	0xA8E2CA  	BSET	LCD_D7, BitPos(LCD_D7+0)
;__Lib_Lcd.c,153 :: 		
0x04FE	0x07FE11  	RCALL	__Lib_Lcd_Strobe
;__Lib_Lcd.c,154 :: 		
0x0500	0x07FE05  	RCALL	_Delay_5500us
;__Lib_Lcd.c,157 :: 		
0x0502	0xA9E2CA  	BCLR	LCD_D7, BitPos(LCD_D7+0)
;__Lib_Lcd.c,158 :: 		
0x0504	0xA882CA  	BSET	LCD_D4, BitPos(LCD_D4+0)
;__Lib_Lcd.c,159 :: 		
0x0506	0x07FE0D  	RCALL	__Lib_Lcd_Strobe
;__Lib_Lcd.c,161 :: 		
0x0508	0xA982CA  	BCLR	LCD_D4, BitPos(LCD_D4+0)
;__Lib_Lcd.c,162 :: 		
0x050A	0x07FE0B  	RCALL	__Lib_Lcd_Strobe
;__Lib_Lcd.c,163 :: 		
0x050C	0x07FDFF  	RCALL	_Delay_5500us
;__Lib_Lcd.c,166 :: 		
0x050E	0x07FE09  	RCALL	__Lib_Lcd_Strobe
;__Lib_Lcd.c,168 :: 		
0x0510	0xA882CA  	BSET	LCD_D4, BitPos(LCD_D4+0)
;__Lib_Lcd.c,169 :: 		
0x0512	0x07FE07  	RCALL	__Lib_Lcd_Strobe
;__Lib_Lcd.c,170 :: 		
0x0514	0x07FDFB  	RCALL	_Delay_5500us
;__Lib_Lcd.c,173 :: 		
0x0516	0xA982CA  	BCLR	LCD_D4, BitPos(LCD_D4+0)
;__Lib_Lcd.c,174 :: 		
0x0518	0x07FE04  	RCALL	__Lib_Lcd_Strobe
;__Lib_Lcd.c,176 :: 		
0x051A	0xA8E2CA  	BSET	LCD_D7, BitPos(LCD_D7+0)
;__Lib_Lcd.c,177 :: 		
0x051C	0xA8C2CA  	BSET	LCD_D6, BitPos(LCD_D6+0)
;__Lib_Lcd.c,178 :: 		
0x051E	0xA8A2CA  	BSET	LCD_D5, BitPos(LCD_D5+0)
;__Lib_Lcd.c,179 :: 		
0x0520	0xA882CA  	BSET	LCD_D4, BitPos(LCD_D4+0)
;__Lib_Lcd.c,180 :: 		
0x0522	0x07FDFF  	RCALL	__Lib_Lcd_Strobe
;__Lib_Lcd.c,181 :: 		
0x0524	0x07FDF3  	RCALL	_Delay_5500us
;__Lib_Lcd.c,183 :: 		
0x0526	0x2080A0  	MOV	#lo_addr(__Lib_Lcd_cmd_status), W0
0x0528	0xA00010  	BSET	[W0], BitPos(__Lib_Lcd_cmd_status+0)
;__Lib_Lcd.c,184 :: 		
L_end_Lcd_Init:
0x052A	0xFA8000  	ULNK
0x052C	0x060000  	RETURN
; end of _Lcd_Init
_Delay_8ms:
;__Lib_Delays.c,614 :: 		void Delay_8ms()
;__Lib_Delays.c,616 :: 		Delay_ms(8);
0x0118	0x234157  	MOV	#13333, W7
L_Delay_8ms27:
0x011A	0xED200E  	DEC	W7
0x011C	0x3AFFFE  	BRA NZ	L_Delay_8ms27
0x011E	0x000000  	NOP
;__Lib_Delays.c,617 :: 		}
L_end_Delay_8ms:
0x0120	0x060000  	RETURN
; end of _Delay_8ms
__Lib_Lcd_Strobe:
0x0122	0xFA0000  	LNK	#0
;__Lib_Lcd.c,26 :: 		
;__Lib_Lcd.c,27 :: 		
0x0124	0xA822CA  	BSET	LCD_EN, BitPos(LCD_EN+0)
;__Lib_Lcd.c,28 :: 		
0x0126	0x07FFEC  	RCALL	_Delay_1us
;__Lib_Lcd.c,29 :: 		
0x0128	0xA922CA  	BCLR	LCD_EN, BitPos(LCD_EN+0)
;__Lib_Lcd.c,30 :: 		
0x012A	0x07FFEA  	RCALL	_Delay_1us
;__Lib_Lcd.c,31 :: 		
L_end_Strobe:
0x012C	0xFA8000  	ULNK
0x012E	0x060000  	RETURN
; end of __Lib_Lcd_Strobe
_Delay_1us:
;__Lib_Delays.c,380 :: 		void Delay_1us()
;__Lib_Delays.c,382 :: 		Delay_us(1);
0x0100	0x000000  	NOP
0x0102	0x000000  	NOP
0x0104	0x000000  	NOP
0x0106	0x000000  	NOP
0x0108	0x000000  	NOP
;__Lib_Delays.c,383 :: 		}
L_end_Delay_1us:
0x010A	0x060000  	RETURN
; end of _Delay_1us
_Delay_5500us:
;__Lib_Delays.c,536 :: 		void Delay_5500us()
;__Lib_Delays.c,538 :: 		Delay_us(5500);
0x010C	0x223CE7  	MOV	#9166, W7
L_Delay_5500us21:
0x010E	0xED200E  	DEC	W7
0x0110	0x3AFFFE  	BRA NZ	L_Delay_5500us21
0x0112	0x000000  	NOP
0x0114	0x000000  	NOP
;__Lib_Delays.c,539 :: 		}
L_end_Delay_5500us:
0x0116	0x060000  	RETURN
; end of _Delay_5500us
_Lcd_Cmd:
0x0458	0xFA0000  	LNK	#0
;__Lib_Lcd.c,38 :: 		
;__Lib_Lcd.c,40 :: 		
; loc_word start address is: 2 (W1)
0x045A	0xFB808A  	ZE	W10, W1
;__Lib_Lcd.c,42 :: 		
0x045C	0xAEE002  	BTSS	W1, #7
0x045E	0xA9E2CA  	BCLR	LCD_D7, BitPos(LCD_D7+0)
0x0460	0xAFE002  	BTSC	W1, #7
0x0462	0xA8E2CA  	BSET	LCD_D7, BitPos(LCD_D7+0)
;__Lib_Lcd.c,43 :: 		
0x0464	0xAEC002  	BTSS	W1, #6
0x0466	0xA9C2CA  	BCLR	LCD_D6, BitPos(LCD_D6+0)
0x0468	0xAFC002  	BTSC	W1, #6
0x046A	0xA8C2CA  	BSET	LCD_D6, BitPos(LCD_D6+0)
;__Lib_Lcd.c,44 :: 		
0x046C	0xAEA002  	BTSS	W1, #5
0x046E	0xA9A2CA  	BCLR	LCD_D5, BitPos(LCD_D5+0)
0x0470	0xAFA002  	BTSC	W1, #5
0x0472	0xA8A2CA  	BSET	LCD_D5, BitPos(LCD_D5+0)
;__Lib_Lcd.c,45 :: 		
0x0474	0xAE8002  	BTSS	W1, #4
0x0476	0xA982CA  	BCLR	LCD_D4, BitPos(LCD_D4+0)
0x0478	0xAF8002  	BTSC	W1, #4
0x047A	0xA882CA  	BSET	LCD_D4, BitPos(LCD_D4+0)
;__Lib_Lcd.c,47 :: 		
0x047C	0x2080A0  	MOV	#lo_addr(__Lib_Lcd_cmd_status), W0
0x047E	0xA60010  	BTSS	[W0], BitPos(__Lib_Lcd_cmd_status+0)
0x0480	0xA802CA  	BSET	LCD_RS, BitPos(LCD_RS+0)
0x0482	0xA70010  	BTSC	[W0], BitPos(__Lib_Lcd_cmd_status+0)
0x0484	0xA902CA  	BCLR	LCD_RS, BitPos(LCD_RS+0)
;__Lib_Lcd.c,49 :: 		
0x0486	0x07FE4D  	RCALL	__Lib_Lcd_Strobe
;__Lib_Lcd.c,51 :: 		
0x0488	0xAE6002  	BTSS	W1, #3
0x048A	0xA9E2CA  	BCLR	LCD_D7, BitPos(LCD_D7+0)
0x048C	0xAF6002  	BTSC	W1, #3
0x048E	0xA8E2CA  	BSET	LCD_D7, BitPos(LCD_D7+0)
;__Lib_Lcd.c,52 :: 		
0x0490	0xAE4002  	BTSS	W1, #2
0x0492	0xA9C2CA  	BCLR	LCD_D6, BitPos(LCD_D6+0)
0x0494	0xAF4002  	BTSC	W1, #2
0x0496	0xA8C2CA  	BSET	LCD_D6, BitPos(LCD_D6+0)
;__Lib_Lcd.c,53 :: 		
0x0498	0xAE2002  	BTSS	W1, #1
0x049A	0xA9A2CA  	BCLR	LCD_D5, BitPos(LCD_D5+0)
0x049C	0xAF2002  	BTSC	W1, #1
0x049E	0xA8A2CA  	BSET	LCD_D5, BitPos(LCD_D5+0)
;__Lib_Lcd.c,54 :: 		
0x04A0	0xAE0002  	BTSS	W1, #0
0x04A2	0xA982CA  	BCLR	LCD_D4, BitPos(LCD_D4+0)
0x04A4	0xAF0002  	BTSC	W1, #0
0x04A6	0xA882CA  	BSET	LCD_D4, BitPos(LCD_D4+0)
; loc_word end address is: 2 (W1)
;__Lib_Lcd.c,56 :: 		
0x04A8	0x2080A0  	MOV	#lo_addr(__Lib_Lcd_cmd_status), W0
0x04AA	0xA60010  	BTSS	[W0], BitPos(__Lib_Lcd_cmd_status+0)
0x04AC	0xA802CA  	BSET	LCD_RS, BitPos(LCD_RS+0)
0x04AE	0xA70010  	BTSC	[W0], BitPos(__Lib_Lcd_cmd_status+0)
0x04B0	0xA902CA  	BCLR	LCD_RS, BitPos(LCD_RS+0)
;__Lib_Lcd.c,58 :: 		
0x04B2	0x07FE37  	RCALL	__Lib_Lcd_Strobe
;__Lib_Lcd.c,60 :: 		
0x04B4	0x2080A0  	MOV	#lo_addr(__Lib_Lcd_cmd_status), W0
0x04B6	0xA60010  	BTSS	[W0], BitPos(__Lib_Lcd_cmd_status+0)
0x04B8	0x370002  	BRA	L_Lcd_Cmd0
;__Lib_Lcd.c,61 :: 		
0x04BA	0x07FE28  	RCALL	_Delay_5500us
0x04BC	0x370001  	BRA	L_Lcd_Cmd1
L_Lcd_Cmd0:
;__Lib_Lcd.c,63 :: 		
0x04BE	0x07FE38  	RCALL	_Delay_50us
L_Lcd_Cmd1:
;__Lib_Lcd.c,64 :: 		
L_end_Lcd_Cmd:
0x04C0	0xFA8000  	ULNK
0x04C2	0x060000  	RETURN
; end of _Lcd_Cmd
_Delay_50us:
;__Lib_Delays.c,458 :: 		void Delay_50us()
;__Lib_Delays.c,460 :: 		Delay_us(50);
0x0130	0x200537  	MOV	#83, W7
L_Delay_50us15:
0x0132	0xED200E  	DEC	W7
0x0134	0x3AFFFE  	BRA NZ	L_Delay_50us15
0x0136	0x000000  	NOP
;__Lib_Delays.c,461 :: 		}
L_end_Delay_50us:
0x0138	0x060000  	RETURN
; end of _Delay_50us
_customChar:
;Vol_Ctrl_UART_dsPIC30F4013.c,97 :: 		void customChar() {
;Vol_Ctrl_UART_dsPIC30F4013.c,100 :: 		Lcd_Cmd(64);                                                                // 0x40h: Address for the first custom character slot
0x0436	0x781F8A  	PUSH	W10
0x0438	0xB3C40A  	MOV.B	#64, W10
0x043A	0x07000E  	RCALL	_Lcd_Cmd
;Vol_Ctrl_UART_dsPIC30F4013.c,101 :: 		for (i = 0; i <= 7; i++)
; i start address is: 4 (W2)
0x043C	0xEF2004  	CLR	W2
; i end address is: 4 (W2)
L_customChar7:
; i start address is: 4 (W2)
0x043E	0xE11467  	CP.B	W2, #7
0x0440	0x3E0007  	BRA GTU	L_customChar8
L__customChar16:
;Vol_Ctrl_UART_dsPIC30F4013.c,102 :: 		Lcd_Chr_CP(character[i]);                                               // build the custom character
0x0442	0xFB8082  	ZE	W2, W1
0x0444	0x286380  	MOV	#lo_addr(customChar_character_L0), W0
0x0446	0x400081  	ADD	W0, W1, W1
0x0448	0x784511  	MOV.B	[W1], W10
0x044A	0x07FEA4  	RCALL	_Lcd_Chr_CP
;Vol_Ctrl_UART_dsPIC30F4013.c,101 :: 		for (i = 0; i <= 7; i++)
0x044C	0xEC6004  	INC.B	W2
;Vol_Ctrl_UART_dsPIC30F4013.c,102 :: 		Lcd_Chr_CP(character[i]);                                               // build the custom character
; i end address is: 4 (W2)
0x044E	0x37FFF7  	BRA	L_customChar7
L_customChar8:
;Vol_Ctrl_UART_dsPIC30F4013.c,104 :: 		Lcd_Cmd(_LCD_RETURN_HOME);
0x0450	0xB3C02A  	MOV.B	#2, W10
0x0452	0x070002  	RCALL	_Lcd_Cmd
;Vol_Ctrl_UART_dsPIC30F4013.c,105 :: 		}
L_end_customChar:
0x0454	0x78054F  	POP	W10
0x0456	0x060000  	RETURN
; end of _customChar
_Lcd_Chr_CP:
0x0194	0xFA0000  	LNK	#0
;__Lib_Lcd.c,67 :: 		
;__Lib_Lcd.c,69 :: 		
0x0196	0x2080A0  	MOV	#lo_addr(__Lib_Lcd_cmd_status), W0
0x0198	0xA10010  	BCLR	[W0], BitPos(__Lib_Lcd_cmd_status+0)
;__Lib_Lcd.c,70 :: 		
0x019A	0x07015E  	RCALL	_Lcd_Cmd
;__Lib_Lcd.c,71 :: 		
0x019C	0x2080A0  	MOV	#lo_addr(__Lib_Lcd_cmd_status), W0
0x019E	0xA00010  	BSET	[W0], BitPos(__Lib_Lcd_cmd_status+0)
;__Lib_Lcd.c,72 :: 		
L_end_Lcd_Chr_CP:
0x01A0	0xFA8000  	ULNK
0x01A2	0x060000  	RETURN
; end of _Lcd_Chr_CP
_Lcd_Out:
0x054C	0xFA0000  	LNK	#0
;__Lib_Lcd.c,187 :: 		
;__Lib_Lcd.c,190 :: 		
0x054E	0x781F8A  	PUSH	W10
0x0550	0x37000A  	BRA	L_Lcd_Out11
;__Lib_Lcd.c,191 :: 		
L_Lcd_Out13:
0x0552	0x20080A  	MOV	#128, W10
0x0554	0x370011  	BRA	L_Lcd_Out12
;__Lib_Lcd.c,192 :: 		
L_Lcd_Out14:
0x0556	0x200C0A  	MOV	#192, W10
0x0558	0x37000F  	BRA	L_Lcd_Out12
;__Lib_Lcd.c,193 :: 		
L_Lcd_Out15:
0x055A	0x20094A  	MOV	#148, W10
0x055C	0x37000D  	BRA	L_Lcd_Out12
;__Lib_Lcd.c,194 :: 		
L_Lcd_Out16:
0x055E	0x200D4A  	MOV	#212, W10
0x0560	0x37000B  	BRA	L_Lcd_Out12
;__Lib_Lcd.c,195 :: 		
L_Lcd_Out17:
0x0562	0x20080A  	MOV	#128, W10
;__Lib_Lcd.c,196 :: 		
0x0564	0x370009  	BRA	L_Lcd_Out12
L_Lcd_Out11:
0x0566	0xE15061  	CP	W10, #1
0x0568	0x32FFF4  	BRA Z	L_Lcd_Out13
L__Lcd_Out32:
0x056A	0xE15062  	CP	W10, #2
0x056C	0x32FFF4  	BRA Z	L_Lcd_Out14
L__Lcd_Out33:
0x056E	0xE15063  	CP	W10, #3
0x0570	0x32FFF4  	BRA Z	L_Lcd_Out15
L__Lcd_Out34:
0x0572	0xE15064  	CP	W10, #4
0x0574	0x32FFF4  	BRA Z	L_Lcd_Out16
L__Lcd_Out35:
0x0576	0x37FFF5  	BRA	L_Lcd_Out17
L_Lcd_Out12:
;__Lib_Lcd.c,199 :: 		
0x0578	0x558061  	SUB	W11, #1, W0
0x057A	0x450000  	ADD	W10, W0, W0
0x057C	0x780500  	MOV	W0, W10
;__Lib_Lcd.c,201 :: 		
0x057E	0x784500  	MOV.B	W0, W10
0x0580	0x07FF6B  	RCALL	_Lcd_Cmd
;__Lib_Lcd.c,202 :: 		
0x0582	0x2080A0  	MOV	#lo_addr(__Lib_Lcd_cmd_status), W0
0x0584	0xA10010  	BCLR	[W0], BitPos(__Lib_Lcd_cmd_status+0)
;__Lib_Lcd.c,203 :: 		
; i start address is: 4 (W2)
0x0586	0xEF2004  	CLR	W2
; i end address is: 4 (W2)
;__Lib_Lcd.c,204 :: 		
L_Lcd_Out18:
; i start address is: 4 (W2)
0x0588	0x460002  	ADD	W12, W2, W0
0x058A	0xE00410  	CP0.B	[W0]
0x058C	0x320007  	BRA Z	L_Lcd_Out19
L__Lcd_Out36:
;__Lib_Lcd.c,205 :: 		
0x058E	0x460002  	ADD	W12, W2, W0
0x0590	0x781F8A  	PUSH	W10
0x0592	0x784510  	MOV.B	[W0], W10
0x0594	0x07FDFF  	RCALL	_Lcd_Chr_CP
0x0596	0x78054F  	POP	W10
0x0598	0xEC2004  	INC	W2
; i end address is: 4 (W2)
0x059A	0x37FFF6  	BRA	L_Lcd_Out18
L_Lcd_Out19:
;__Lib_Lcd.c,206 :: 		
0x059C	0x2080A0  	MOV	#lo_addr(__Lib_Lcd_cmd_status), W0
0x059E	0xA00010  	BSET	[W0], BitPos(__Lib_Lcd_cmd_status+0)
;__Lib_Lcd.c,207 :: 		
L_end_Lcd_Out:
0x05A0	0x78054F  	POP	W10
0x05A2	0xFA8000  	ULNK
0x05A4	0x060000  	RETURN
; end of _Lcd_Out
_ADC1_Get_Sample:
0x052E	0xFA0000  	LNK	#0
;__Lib_ADC_1_p24FJ_p30.c,68 :: 		
;__Lib_ADC_1_p24FJ_p30.c,70 :: 		
0x0530	0x200010  	MOV	#1, W0
0x0532	0xDD000A  	SL	W0, W10, W0
0x0534	0xEA8080  	COM	W0, W1
0x0536	0x202A80  	MOV	#lo_addr(ADPCFG), W0
0x0538	0x608810  	AND	W1, [W0], [W0]
;__Lib_ADC_1_p24FJ_p30.c,71 :: 		
0x053A	0x88153A  	MOV	W10, ADCHS
;__Lib_ADC_1_p24FJ_p30.c,72 :: 		
0x053C	0xA822A0  	BSET.B	ADCON1, #1
;__Lib_ADC_1_p24FJ_p30.c,74 :: 		
L_ADC1_Get_Sample0:
0x053E	0xAF02A0  	BTSC	ADCON1, #0
0x0540	0x370001  	BRA	L_ADC1_Get_Sample1
;__Lib_ADC_1_p24FJ_p30.c,75 :: 		
0x0542	0x37FFFD  	BRA	L_ADC1_Get_Sample0
L_ADC1_Get_Sample1:
;__Lib_ADC_1_p24FJ_p30.c,76 :: 		
0x0544	0xA902A0  	BCLR.B	ADCON1, #0
;__Lib_ADC_1_p24FJ_p30.c,77 :: 		
0x0546	0xBF8280  	MOV	ADCBUF0, WREG
;__Lib_ADC_1_p24FJ_p30.c,78 :: 		
L_end_ADC1_Get_Sample:
0x0548	0xFA8000  	ULNK
0x054A	0x060000  	RETURN
; end of _ADC1_Get_Sample
_IntToStr:
0x03E6	0xFA0000  	LNK	#0
;__Lib_Conversions.c,195 :: 		
;__Lib_Conversions.c,201 :: 		
0x03E8	0x781F8A  	PUSH	W10
; negative start address is: 8 (W4)
0x03EA	0xEF2008  	CLR	W4
;__Lib_Conversions.c,202 :: 		
; inword start address is: 0 (W0)
0x03EC	0x78000A  	MOV	W10, W0
;__Lib_Conversions.c,203 :: 		
0x03EE	0xE15060  	CP	W10, #0
0x03F0	0x3D0003  	BRA GE	L__IntToStr113
L__IntToStr156:
; inword end address is: 0 (W0)
;__Lib_Conversions.c,204 :: 		
0x03F2	0x200014  	MOV	#1, W4
;__Lib_Conversions.c,205 :: 		
; inword start address is: 0 (W0)
0x03F4	0x150060  	SUBR	W10, #0, W0
; inword end address is: 0 (W0)
; negative end address is: 8 (W4)
;__Lib_Conversions.c,206 :: 		
0x03F6	0x370000  	BRA	L_IntToStr37
L__IntToStr113:
;__Lib_Conversions.c,203 :: 		
;__Lib_Conversions.c,206 :: 		
L_IntToStr37:
;__Lib_Conversions.c,207 :: 		
; inword start address is: 0 (W0)
; negative start address is: 8 (W4)
0x03F8	0x780500  	MOV	W0, W10
; inword end address is: 0 (W0)
0x03FA	0x07FED4  	RCALL	_WordToStr
;__Lib_Conversions.c,209 :: 		
; i start address is: 6 (W3)
0x03FC	0x200063  	MOV	#6, W3
; negative end address is: 8 (W4)
; i end address is: 6 (W3)
0x03FE	0x780104  	MOV	W4, W2
;__Lib_Conversions.c,210 :: 		
L_IntToStr38:
; i start address is: 6 (W3)
; negative start address is: 4 (W2)
0x0400	0xE11860  	CP	W3, #0
0x0402	0x360006  	BRA LEU	L_IntToStr39
L__IntToStr157:
;__Lib_Conversions.c,211 :: 		
0x0404	0x458083  	ADD	W11, W3, W1
0x0406	0x518061  	SUB	W3, #1, W0
0x0408	0x458000  	ADD	W11, W0, W0
0x040A	0x784890  	MOV.B	[W0], [W1]
;__Lib_Conversions.c,212 :: 		
0x040C	0xED2006  	DEC	W3
;__Lib_Conversions.c,213 :: 		
; i end address is: 6 (W3)
0x040E	0x37FFF8  	BRA	L_IntToStr38
L_IntToStr39:
;__Lib_Conversions.c,214 :: 		
0x0410	0xB3C200  	MOV.B	#32, W0
0x0412	0x784D80  	MOV.B	W0, [W11]
;__Lib_Conversions.c,215 :: 		
0x0414	0xE20004  	CP0	W2
0x0416	0x32000C  	BRA Z	L_IntToStr40
L__IntToStr158:
; negative end address is: 4 (W2)
;__Lib_Conversions.c,216 :: 		
; i start address is: 4 (W2)
0x0418	0xEF2004  	CLR	W2
; i end address is: 4 (W2)
;__Lib_Conversions.c,217 :: 		
L_IntToStr41:
; i start address is: 4 (W2)
0x041A	0x458002  	ADD	W11, W2, W0
0x041C	0x784090  	MOV.B	[W0], W1
0x041E	0xB3C200  	MOV.B	#32, W0
0x0420	0xE10C00  	CP.B	W1, W0
0x0422	0x3A0002  	BRA NZ	L_IntToStr42
L__IntToStr159:
; i start address is: 4 (W2)
0x0424	0xEC2004  	INC	W2
; i end address is: 4 (W2)
0x0426	0x37FFF9  	BRA	L_IntToStr41
L_IntToStr42:
;__Lib_Conversions.c,218 :: 		
0x0428	0x510061  	SUB	W2, #1, W0
; i end address is: 4 (W2)
;__Lib_Conversions.c,219 :: 		
0x042A	0x458080  	ADD	W11, W0, W1
0x042C	0xB3C2D0  	MOV.B	#45, W0
0x042E	0x784880  	MOV.B	W0, [W1]
L_IntToStr40:
;__Lib_Conversions.c,220 :: 		
L_end_IntToStr:
0x0430	0x78054F  	POP	W10
0x0432	0xFA8000  	ULNK
0x0434	0x060000  	RETURN
; end of _IntToStr
_WordToStr:
0x01A4	0xFA0002  	LNK	#2
;__Lib_Conversions.c,98 :: 		
;__Lib_Conversions.c,103 :: 		
; len start address is: 4 (W2)
0x01A6	0xEF2004  	CLR	W2
; len end address is: 4 (W2)
L_WordToStr11:
; len start address is: 4 (W2)
0x01A8	0xE11465  	CP.B	W2, #5
0x01AA	0x310006  	BRA GEU	L_WordToStr12
L__WordToStr139:
;__Lib_Conversions.c,104 :: 		
0x01AC	0xFB8002  	ZE	W2, W0
0x01AE	0x458080  	ADD	W11, W0, W1
0x01B0	0xB3C200  	MOV.B	#32, W0
0x01B2	0x784880  	MOV.B	W0, [W1]
;__Lib_Conversions.c,103 :: 		
0x01B4	0xEC6004  	INC.B	W2
;__Lib_Conversions.c,104 :: 		
0x01B6	0x37FFF8  	BRA	L_WordToStr11
L_WordToStr12:
;__Lib_Conversions.c,105 :: 		
0x01B8	0xFB8002  	ZE	W2, W0
0x01BA	0x458080  	ADD	W11, W0, W1
0x01BC	0xEF2000  	CLR	W0
0x01BE	0x784880  	MOV.B	W0, [W1]
; len start address is: 6 (W3)
0x01C0	0x5141E1  	SUB.B	W2, #1, W3
; len end address is: 4 (W2)
; len end address is: 6 (W3)
;__Lib_Conversions.c,107 :: 		
L_WordToStr14:
;__Lib_Conversions.c,108 :: 		
; len start address is: 6 (W3)
0x01C2	0xFB8003  	ZE	W3, W0
0x01C4	0x458000  	ADD	W11, W0, W0
0x01C6	0x980700  	MOV	W0, [W14+0]
0x01C8	0x2000A2  	MOV	#10, W2
0x01CA	0x090011  	REPEAT	#17
0x01CC	0xD88502  	DIV.U	W10, W2
0x01CE	0x200300  	MOV	#48, W0
0x01D0	0x408080  	ADD	W1, W0, W1
0x01D2	0x90000E  	MOV	[W14+0], W0
0x01D4	0x784801  	MOV.B	W1, [W0]
;__Lib_Conversions.c,109 :: 		
0x01D6	0x2000A2  	MOV	#10, W2
0x01D8	0x090011  	REPEAT	#17
0x01DA	0xD88502  	DIV.U	W10, W2
0x01DC	0x780500  	MOV	W0, W10
;__Lib_Conversions.c,110 :: 		
0x01DE	0xE10060  	CP	W0, #0
0x01E0	0x3A0001  	BRA NZ	L_WordToStr16
L__WordToStr140:
; len end address is: 6 (W3)
;__Lib_Conversions.c,111 :: 		
0x01E2	0x370002  	BRA	L_WordToStr15
L_WordToStr16:
;__Lib_Conversions.c,112 :: 		
; len start address is: 6 (W3)
0x01E4	0xED6006  	DEC.B	W3
;__Lib_Conversions.c,113 :: 		
; len end address is: 6 (W3)
0x01E6	0x37FFED  	BRA	L_WordToStr14
L_WordToStr15:
;__Lib_Conversions.c,114 :: 		
L_end_WordToStr:
0x01E8	0xFA8000  	ULNK
0x01EA	0x060000  	RETURN
; end of _WordToStr
_Ltrim:
0x02C2	0xFA0000  	LNK	#0
;__Lib_Conversions.c,421 :: 		
;__Lib_Conversions.c,425 :: 		
; trimmed start address is: 8 (W4)
0x02C4	0xEF2008  	CLR	W4
;__Lib_Conversions.c,426 :: 		
; original start address is: 4 (W2)
0x02C6	0x78010A  	MOV	W10, W2
;__Lib_Conversions.c,427 :: 		
; p start address is: 6 (W3)
0x02C8	0x78018A  	MOV	W10, W3
; p end address is: 6 (W3)
; trimmed end address is: 8 (W4)
; original end address is: 4 (W2)
;__Lib_Conversions.c,428 :: 		
0x02CA	0x370001  	BRA	L_Ltrim84
L__Ltrim121:
;__Lib_Conversions.c,434 :: 		
0x02CC	0x780181  	MOV	W1, W3
;__Lib_Conversions.c,428 :: 		
L_Ltrim84:
;__Lib_Conversions.c,429 :: 		
; p start address is: 6 (W3)
; original start address is: 4 (W2)
; trimmed start address is: 8 (W4)
0x02CE	0x784092  	MOV.B	[W2], W1
0x02D0	0xB3C200  	MOV.B	#32, W0
0x02D2	0xE10C00  	CP.B	W1, W0
0x02D4	0x3A0004  	BRA NZ	L__Ltrim120
L__Ltrim192:
0x02D6	0xE20008  	CP0	W4
0x02D8	0x3A0002  	BRA NZ	L__Ltrim119
L__Ltrim193:
; trimmed end address is: 8 (W4)
0x02DA	0x780083  	MOV	W3, W1
0x02DC	0x370003  	BRA	L_Ltrim89
L__Ltrim120:
L__Ltrim119:
;__Lib_Conversions.c,430 :: 		
; trimmed start address is: 8 (W4)
0x02DE	0x200014  	MOV	#1, W4
;__Lib_Conversions.c,431 :: 		
0x02E0	0x784992  	MOV.B	[W2], [W3]
; p start address is: 2 (W1)
0x02E2	0x4180E1  	ADD	W3, #1, W1
; p end address is: 6 (W3)
; p end address is: 2 (W1)
; trimmed end address is: 8 (W4)
;__Lib_Conversions.c,432 :: 		
L_Ltrim89:
;__Lib_Conversions.c,434 :: 		
; p start address is: 2 (W1)
; trimmed start address is: 8 (W4)
0x02E4	0x780002  	MOV	W2, W0
0x02E6	0xEC2004  	INC	W2
0x02E8	0x784010  	MOV.B	[W0], W0
0x02EA	0xE10460  	CP.B	W0, #0
0x02EC	0x3AFFEF  	BRA NZ	L__Ltrim121
L__Ltrim194:
; p end address is: 2 (W1)
; trimmed end address is: 8 (W4)
; original end address is: 4 (W2)
;__Lib_Conversions.c,435 :: 		
0x02EE	0x78000A  	MOV	W10, W0
;__Lib_Conversions.c,436 :: 		
L_end_Ltrim:
0x02F0	0xFA8000  	ULNK
0x02F2	0x060000  	RETURN
; end of _Ltrim
_UART1_Write_Text:
0x0376	0xFA0000  	LNK	#0
;__Lib_UART_12_p30.c,59 :: 		
;__Lib_UART_12_p30.c,60 :: 		
; counter start address is: 2 (W1)
0x0378	0xEF2002  	CLR	W1
;__Lib_UART_12_p30.c,62 :: 		
; data_ start address is: 0 (W0)
0x037A	0x78401A  	MOV.B	[W10], W0
; counter end address is: 2 (W1)
; data_ end address is: 0 (W0)
;__Lib_UART_12_p30.c,63 :: 		
L_UART1_Write_Text2:
; data_ start address is: 0 (W0)
; counter start address is: 2 (W1)
0x037C	0xE10460  	CP.B	W0, #0
0x037E	0x32000A  	BRA Z	L_UART1_Write_Text3
L__UART1_Write_Text49:
;__Lib_UART_12_p30.c,64 :: 		
0x0380	0x781F8A  	PUSH	W10
; data_ end address is: 0 (W0)
0x0382	0xFB8500  	ZE	W0, W10
0x0384	0x07FEDA  	RCALL	_UART1_Write
0x0386	0x78054F  	POP	W10
;__Lib_UART_12_p30.c,65 :: 		
0x0388	0x40C061  	ADD.B	W1, #1, W0
0x038A	0x784080  	MOV.B	W0, W1
;__Lib_UART_12_p30.c,66 :: 		
0x038C	0xFB8000  	ZE	W0, W0
0x038E	0x450000  	ADD	W10, W0, W0
; data_ start address is: 0 (W0)
0x0390	0x784010  	MOV.B	[W0], W0
;__Lib_UART_12_p30.c,67 :: 		
; counter end address is: 2 (W1)
; data_ end address is: 0 (W0)
0x0392	0x37FFF4  	BRA	L_UART1_Write_Text2
L_UART1_Write_Text3:
;__Lib_UART_12_p30.c,68 :: 		
L_end_UART1_Write_Text:
0x0394	0xFA8000  	ULNK
0x0396	0x060000  	RETURN
; end of _UART1_Write_Text
_UART1_Write:
0x013A	0xFA0000  	LNK	#0
;__Lib_UART_12_p30.c,53 :: 		
;__Lib_UART_12_p30.c,54 :: 		
L_UART1_Write0:
0x013C	0xAF020F  	BTSC	U1STA, #8
0x013E	0x370001  	BRA	L_UART1_Write1
0x0140	0x37FFFD  	BRA	L_UART1_Write0
L_UART1_Write1:
;__Lib_UART_12_p30.c,55 :: 		
0x0142	0x88108A  	MOV	W10, U1TXREG
;__Lib_UART_12_p30.c,56 :: 		
L_end_UART1_Write:
0x0144	0xFA8000  	ULNK
0x0146	0x060000  	RETURN
; end of _UART1_Write
_barGraph:
;Vol_Ctrl_UART_dsPIC30F4013.c,79 :: 		void barGraph(){
;Vol_Ctrl_UART_dsPIC30F4013.c,82 :: 		barLength = (adcRaw >> 8) + 1;                                             // 4095/ 256 = 16 to match adcRaw data with 16 columns of LCD
0x0398	0x781F8A  	PUSH	W10
0x039A	0x781F8B  	PUSH	W11
0x039C	0x781F8C  	PUSH	W12
0x039E	0x8040A0  	MOV	_adcRaw, W0
0x03A0	0xDE0048  	LSR	W0, #8, W0
; barLength start address is: 4 (W2)
0x03A2	0x400161  	ADD	W0, #1, W2
;Vol_Ctrl_UART_dsPIC30F4013.c,85 :: 		for(col = 1; col <= 16; col++) {
; col start address is: 0 (W0)
0x03A4	0x200010  	MOV	#1, W0
; col end address is: 0 (W0)
0x03A6	0x780180  	MOV	W0, W3
L_barGraph2:
; col start address is: 6 (W3)
; barLength start address is: 4 (W2)
; barLength end address is: 4 (W2)
0x03A8	0xE11870  	CP	W3, #16
0x03AA	0x3C000D  	BRA GT	L_barGraph3
L__barGraph13:
; barLength end address is: 4 (W2)
;Vol_Ctrl_UART_dsPIC30F4013.c,86 :: 		if(col <= barLength) {
; barLength start address is: 4 (W2)
0x03AC	0xE11802  	CP	W3, W2
0x03AE	0x3C0005  	BRA GT	L_barGraph5
L__barGraph14:
;Vol_Ctrl_UART_dsPIC30F4013.c,87 :: 		Lcd_Chr(2, col, 0);                                              // progressive bar: print the custom character stored in Slot 0
0x03B0	0xEF2018  	CLR	W12
0x03B2	0x780583  	MOV	W3, W11
0x03B4	0x20002A  	MOV	#2, W10
0x03B6	0x07FEC8  	RCALL	_Lcd_Chr
;Vol_Ctrl_UART_dsPIC30F4013.c,88 :: 		} else {
0x03B8	0x370004  	BRA	L_barGraph6
L_barGraph5:
;Vol_Ctrl_UART_dsPIC30F4013.c,89 :: 		Lcd_Chr(2, col, ' ');                                            // regressive bar: print a space to erase any old blocks
0x03BA	0xB3C20C  	MOV.B	#32, W12
0x03BC	0x780583  	MOV	W3, W11
0x03BE	0x20002A  	MOV	#2, W10
0x03C0	0x07FEC3  	RCALL	_Lcd_Chr
;Vol_Ctrl_UART_dsPIC30F4013.c,90 :: 		}
L_barGraph6:
;Vol_Ctrl_UART_dsPIC30F4013.c,85 :: 		for(col = 1; col <= 16; col++) {
0x03C2	0xEC2006  	INC	W3
;Vol_Ctrl_UART_dsPIC30F4013.c,91 :: 		}
; barLength end address is: 4 (W2)
; col end address is: 6 (W3)
0x03C4	0x37FFF1  	BRA	L_barGraph2
L_barGraph3:
;Vol_Ctrl_UART_dsPIC30F4013.c,92 :: 		}
L_end_barGraph:
0x03C6	0x78064F  	POP	W12
0x03C8	0x7805CF  	POP	W11
0x03CA	0x78054F  	POP	W10
0x03CC	0x060000  	RETURN
; end of _barGraph
_Lcd_Chr:
0x0148	0xFA0000  	LNK	#0
;__Lib_Lcd.c,84 :: 		
;__Lib_Lcd.c,85 :: 		
0x014A	0x781F8A  	PUSH	W10
0x014C	0x37000A  	BRA	L_Lcd_Chr4
;__Lib_Lcd.c,86 :: 		
L_Lcd_Chr6:
0x014E	0x20080A  	MOV	#128, W10
0x0150	0x370011  	BRA	L_Lcd_Chr5
;__Lib_Lcd.c,87 :: 		
L_Lcd_Chr7:
0x0152	0x200C0A  	MOV	#192, W10
0x0154	0x37000F  	BRA	L_Lcd_Chr5
;__Lib_Lcd.c,88 :: 		
L_Lcd_Chr8:
0x0156	0x20094A  	MOV	#148, W10
0x0158	0x37000D  	BRA	L_Lcd_Chr5
;__Lib_Lcd.c,89 :: 		
L_Lcd_Chr9:
0x015A	0x200D4A  	MOV	#212, W10
0x015C	0x37000B  	BRA	L_Lcd_Chr5
;__Lib_Lcd.c,90 :: 		
L_Lcd_Chr10:
0x015E	0x20080A  	MOV	#128, W10
;__Lib_Lcd.c,91 :: 		
0x0160	0x370009  	BRA	L_Lcd_Chr5
L_Lcd_Chr4:
0x0162	0xE15061  	CP	W10, #1
0x0164	0x32FFF4  	BRA Z	L_Lcd_Chr6
L__Lcd_Chr26:
0x0166	0xE15062  	CP	W10, #2
0x0168	0x32FFF4  	BRA Z	L_Lcd_Chr7
L__Lcd_Chr27:
0x016A	0xE15063  	CP	W10, #3
0x016C	0x32FFF4  	BRA Z	L_Lcd_Chr8
L__Lcd_Chr28:
0x016E	0xE15064  	CP	W10, #4
0x0170	0x32FFF4  	BRA Z	L_Lcd_Chr9
L__Lcd_Chr29:
0x0172	0x37FFF5  	BRA	L_Lcd_Chr10
L_Lcd_Chr5:
;__Lib_Lcd.c,94 :: 		
0x0174	0x558061  	SUB	W11, #1, W0
0x0176	0x450080  	ADD	W10, W0, W1
0x0178	0x780501  	MOV	W1, W10
;__Lib_Lcd.c,96 :: 		
0x017A	0x2080A0  	MOV	#lo_addr(__Lib_Lcd_cmd_status), W0
0x017C	0xA00010  	BSET	[W0], BitPos(__Lib_Lcd_cmd_status+0)
;__Lib_Lcd.c,97 :: 		
0x017E	0x784501  	MOV.B	W1, W10
0x0180	0x07016B  	RCALL	_Lcd_Cmd
;__Lib_Lcd.c,99 :: 		
0x0182	0x2080A0  	MOV	#lo_addr(__Lib_Lcd_cmd_status), W0
0x0184	0xA10010  	BCLR	[W0], BitPos(__Lib_Lcd_cmd_status+0)
;__Lib_Lcd.c,100 :: 		
0x0186	0x78450C  	MOV.B	W12, W10
0x0188	0x070167  	RCALL	_Lcd_Cmd
;__Lib_Lcd.c,101 :: 		
0x018A	0x2080A0  	MOV	#lo_addr(__Lib_Lcd_cmd_status), W0
0x018C	0xA00010  	BSET	[W0], BitPos(__Lib_Lcd_cmd_status+0)
;__Lib_Lcd.c,102 :: 		
L_end_Lcd_Chr:
0x018E	0x78054F  	POP	W10
0x0190	0xFA8000  	ULNK
0x0192	0x060000  	RETURN
; end of _Lcd_Chr
0x0648	0x20800A  	MOV	#2048, W10
0x064A	0x20000B  	MOV	#0, W11
0x064C	0x090014  	REPEAT	#20
0x064E	0x781D0B  	MOV	W11, [W10++]
0x0650	0x060000  	RETURN
0x0652	0x208001  	MOV	#lo_addr(?lstr1_Vol_Ctrl_UART_dsPIC30F4013), W1
0x0654	0x286400  	MOV	#34368, W0
0x0656	0x090002  	REPEAT	#2
0x0658	0x7818B0  	MOV	[W0++], [W1++]
0x065A	0x7858B0  	MOV.B	[W0++], [W1++]
0x065C	0x060000  	RETURN
;Vol_Ctrl_UART_dsPIC30F4013.c,98 :: customChar_character_L0 [8]
0x0638	0x0E0E ;customChar_character_L0+0
0x063A	0x0E0E ;customChar_character_L0+2
0x063C	0x0E0E ;customChar_character_L0+4
0x063E	0x0E0E ;customChar_character_L0+6
; end of customChar_character_L0
;Vol_Ctrl_UART_dsPIC30F4013.c,0 :: ?ICS?lstr1_Vol_Ctrl_UART_dsPIC30F4013 [7]
0x0640	0x654C ;?ICS?lstr1_Vol_Ctrl_UART_dsPIC30F4013+0
0x0642	0x6576 ;?ICS?lstr1_Vol_Ctrl_UART_dsPIC30F4013+2
0x0644	0x3A6C ;?ICS?lstr1_Vol_Ctrl_UART_dsPIC30F4013+4
0x0646	0x00 ;?ICS?lstr1_Vol_Ctrl_UART_dsPIC30F4013+6
; end of ?ICS?lstr1_Vol_Ctrl_UART_dsPIC30F4013
Symbol List:
//** Routines locations **
//ADDRESS    SIZE    PROCEDURE
//----------------------------------------------
0x0100      [12]    _Delay_1us
0x010C      [12]    _Delay_5500us
0x0118      [10]    _Delay_8ms
0x0122      [14]    __Lib_Lcd_Strobe
0x0130      [10]    _Delay_50us
0x013A      [14]    _UART1_Write
0x0148      [76]    _Lcd_Chr
0x0194      [16]    _Lcd_Chr_CP
0x01A4      [72]    _WordToStr
0x01EC      [16]    _Delay_100ms
0x01FC       [4]    _Get_Fosc_Per_Cyc
0x0200       [6]    _Get_Fosc_kHz
0x0206      [18]    __Multiply_32x32
0x0218      [82]    __Divide_32x32
0x026A      [88]    __Modulus_32x32
0x02C2      [50]    _Ltrim
0x02F4     [130]    _UART1_Init
0x0376      [34]    _UART1_Write_Text
0x0398      [54]    _barGraph
0x03CE      [24]    _ADC1_Init
0x03E6      [80]    _IntToStr
0x0436      [34]    _customChar
0x0458     [108]    _Lcd_Cmd
0x04C4     [106]    _Lcd_Init
0x052E      [30]    _ADC1_Get_Sample
0x054C      [90]    _Lcd_Out
0x05A6     [146]    _main
//** Variables locations ** 
//ADDRESS    SIZE    VARIABLE
//----------------------------------------------
0x02CA       [0]    LCD_D4
0x02CA       [0]    LCD_D5
0x02CA       [0]    LCD_D6
0x02C6       [0]    LCD_RS_Direction
0x02C6       [0]    LCD_EN_Direction
0x02CA       [0]    LCD_RS
0x02A4       [2]    ADCON3
0x02A2       [2]    ADCON2
0x0808       [2]    _ADC_Get_Sample_Ptr
0x02CA       [0]    LCD_D7
0x080A       [0]    __Lib_Lcd_cmd_status
0x02AA       [2]    ADCSSL
0x02C6       [0]    LCD_D4_Direction
0x020C       [2]    U1MODE
0x080C       [2]    _UART_Tx_Idle_Ptr
0x080E       [2]    _UART_Rdy_Ptr
0x0210       [2]    U1TXREG
0x0214       [2]    U1BRG
0x020E       [2]    U1STA
0x02C6       [0]    LCD_D7_Direction
0x02C6       [0]    LCD_D6_Direction
0x02C6       [0]    LCD_D5_Direction
0x0810       [2]    _UART_Rd_Ptr
0x0812       [2]    _UART_Wr_Ptr
0x02CA       [0]    LCD_EN
0x0280       [2]    ADCBUF0
0x02C6       [0]    TRISB4_bit
0x02C6       [0]    TRISB0_bit
0x02C6       [0]    TRISB1_bit
0x02C6       [0]    TRISB7_bit
0x02C6       [0]    TRISB6_bit
0x02C6       [0]    TRISB5_bit
0x02CA       [0]    LATB6_bit
0x02CA       [0]    LATB7_bit
0x02CA       [0]    LATB1_bit
0x02CA       [0]    LATB0_bit
0x02CA       [0]    LATB4_bit
0x02CA       [0]    LATB5_bit
0x0814       [2]    _adcRaw
0x0816       [2]    _trimmed
0x0818       [7]    _txtPrint
0x0820       [2]    _adcLevel
0x02A0       [2]    ADCON1
0x02A6       [2]    ADCHS
0x0822       [7]    _txt
0x02CA       [2]    LATB
0x02C6       [2]    TRISB
0x02A8       [2]    ADPCFG
0x02E2       [2]    LATF
0x02DE       [2]    TRISF
0x0800       [7]    ?lstr1_Vol_Ctrl_UART_dsPIC30F4013
0x0014       [2]    FARG_UART1_Write__data
0x0014       [2]    FARG_Lcd_Chr_row
0x0016       [2]    FARG_Lcd_Chr_column
0x0018       [1]    FARG_Lcd_Chr_out_char
0x0014       [1]    FARG_Lcd_Chr_CP_out_char
0x0014       [2]    FARG_WordToStr_input
0x0016       [2]    FARG_WordToStr_output
0x020C       [2]    U1MODE
0x020E       [2]    U1STA
0x0210       [2]    U1TXREG
0x0214       [2]    U1BRG
0x0280       [2]    ADCBUF0
0x02A0       [2]    ADCON1
0x02A2       [2]    ADCON2
0x02A4       [2]    ADCON3
0x02A6       [2]    ADCHS
0x02A8       [2]    ADPCFG
0x02AA       [2]    ADCSSL
0x0014       [2]    FARG_Ltrim_string
0x02C6       [2]    TRISB
0x02CA       [2]    LATB
0x02DE       [2]    TRISF
0x02E2       [2]    LATF
0x0014       [4]    FARG_UART1_Init_baud_rate
0x0014       [2]    FARG_UART1_Write_Text_uart_text
0x0014       [2]    FARG_IntToStr_input
0x0016       [2]    FARG_IntToStr_output
0x0014       [1]    FARG_Lcd_Cmd_out_char
0x0014       [2]    FARG_ADC1_Get_Sample_channel
0x0014       [2]    FARG_Lcd_Out_row
0x0016       [2]    FARG_Lcd_Out_column
0x0018       [2]    FARG_Lcd_Out_text
//** Constants locations ** 
//ADDRESS    SIZE    CONSTANT
//----------------------------------------------
0x0638       [8]    customChar_character_L0
0x0640       [7]    ?ICS?lstr1_Vol_Ctrl_UART_dsPIC30F4013
